<?xml version="1.0" encoding="UTF-8"?>
<!-- Generated by org.testng.reporters.JUnitReportReporter -->
<testsuite skipped="0" hostname="LAPTOP-UULIG8AC" name="com.OrangeHRM.TestCases.CheckEmpModule" tests="1" failures="0" timestamp="29 Nov 2022 06:10:58 GMT" time="2.100" errors="0">
  <testcase name="checkEmpModule" time="2.100" classname="com.OrangeHRM.TestCases.CheckEmpModule"/>
</testsuite> <!-- com.OrangeHRM.TestCases.CheckEmpModule -->
