<?xml version="1.0" encoding="UTF-8"?>
<!-- Generated by org.testng.reporters.JUnitReportReporter -->
<testsuite skipped="0" hostname="LAPTOP-UULIG8AC" name="com.OrangeHRM.TestCases.AdminLoginValidData" tests="1" failures="0" timestamp="29 Nov 2022 06:06:14 GMT" time="4.785" errors="0">
  <testcase name="adminlogin" time="4.785" classname="com.OrangeHRM.TestCases.AdminLoginValidData"/>
</testsuite> <!-- com.OrangeHRM.TestCases.AdminLoginValidData -->
