<?xml version="1.0" encoding="UTF-8"?>
<!-- Generated by org.testng.reporters.JUnitReportReporter -->
<testsuite skipped="0" hostname="LAPTOP-UULIG8AC" name="com.OrangeHRM.TestCases.UserRegistration" tests="1" failures="0" timestamp="29 Nov 2022 13:26:01 GMT" time="25.603" errors="0">
  <testcase name="userRegCreation" time="25.603" classname="com.OrangeHRM.TestCases.UserRegistration"/>
</testsuite> <!-- com.OrangeHRM.TestCases.UserRegistration -->
