<?xml version="1.0" encoding="UTF-8"?>
<!-- Generated by org.testng.reporters.JUnitReportReporter -->
<testsuite skipped="0" hostname="LAPTOP-UULIG8AC" name="com.OrangeHRM.TestCases.AdminLoginInValidData" tests="1" failures="0" timestamp="29 Nov 2022 06:06:14 GMT" time="1.410" errors="0">
  <testcase name="AdminLoginInvalidData" time="1.410" classname="com.OrangeHRM.TestCases.AdminLoginInValidData"/>
</testsuite> <!-- com.OrangeHRM.TestCases.AdminLoginInValidData -->
