<?xml version="1.0" encoding="UTF-8"?>
<!-- Generated by org.testng.reporters.JUnitReportReporter -->
<testsuite skipped="0" hostname="LAPTOP-UULIG8AC" name="com.OrangeHRM.TestCases.EmployeeRegistration" tests="1" failures="0" timestamp="29 Nov 2022 13:28:46 GMT" time="23.377" errors="0">
  <testcase name="employeeRegistration" time="23.377" classname="com.OrangeHRM.TestCases.EmployeeRegistration"/>
</testsuite> <!-- com.OrangeHRM.TestCases.EmployeeRegistration -->
